<?xml version="1.0" encoding="UTF-8"?>
<!-- Generated by org.testng.reporters.JUnitReportReporter -->
<testsuite hostname="DESKTOP-RAKK9KJ" failures="0" tests="1" name="com.qa.propertypal.test.SearchMyLocationPageTest" time="64.076" errors="0" timestamp="01 Mar 2021 14:28:35 GMT" skipped="0">
  <testcase classname="com.qa.propertypal.test.SearchMyLocationPageTest" name="verifySearchMyLocationPageTest" time="64.076"/>
</testsuite> <!-- com.qa.propertypal.test.SearchMyLocationPageTest -->
