<?xml version="1.0" encoding="UTF-8"?>
<!-- Generated by org.testng.reporters.JUnitReportReporter -->
<testsuite hostname="DESKTOP-RAKK9KJ" failures="0" tests="1" name="com.qa.propertypal.test.UsersSearchPageSO14Test" time="10.858" errors="0" timestamp="01 Mar 2021 11:04:46 GMT" skipped="0">
  <testcase classname="com.qa.propertypal.test.UsersSearchPageSO14Test" name="UsersSearchPageTitleSO14" time="10.858"/>
</testsuite> <!-- com.qa.propertypal.test.UsersSearchPageSO14Test -->
